00:45:30 :: DEBUG :: |
|
00:45:30 :: DEBUG :: received question ------ {'question type': 'select character', 'data': [{'color': 'blue', 'suspect': True, 'position': 5, 'power': True}, {'color': 'pink', 'suspect': True, 'position': 2, 'power': True}, {'color': 'black', 'suspect': True, 'position': 1, 'power': True}, {'color': 'grey', 'suspect': True, 'position': 0, 'power': True}], 'game state': {'position_carlotta': 4, 'exit': 22, 'num_tour': 1, 'shadow': 2, 'blocked': [4, 5], 'characters': [{'color': 'white', 'suspect': True, 'position': 4, 'power': True}, {'color': 'purple', 'suspect': True, 'position': 7, 'power': True}, {'color': 'pink', 'suspect': True, 'position': 2, 'power': True}, {'color': 'black', 'suspect': True, 'position': 1, 'power': True}, {'color': 'blue', 'suspect': True, 'position': 5, 'power': True}, {'color': 'grey', 'suspect': True, 'position': 0, 'power': True}, {'color': 'brown', 'suspect': True, 'position': 6, 'power': True}, {'color': 'red', 'suspect': True, 'position': 3, 'power': True}], 'active tiles': [{'color': 'blue', 'suspect': True, 'position': 5, 'power': True}, {'color': 'pink', 'suspect': True, 'position': 2, 'power': True}, {'color': 'black', 'suspect': True, 'position': 1, 'power': True}, {'color': 'grey', 'suspect': True, 'position': 0, 'power': True}], 'fantom': 'pink'}}
00:45:30 :: DEBUG :: fantom answers
00:45:30 :: DEBUG :: question type ----- select character
00:45:30 :: DEBUG :: data -------------- [{'color': 'blue', 'suspect': True, 'position': 5, 'power': True}, {'color': 'pink', 'suspect': True, 'position': 2, 'power': True}, {'color': 'black', 'suspect': True, 'position': 1, 'power': True}, {'color': 'grey', 'suspect': True, 'position': 0, 'power': True}]
00:45:30 :: DEBUG :: response index ---- 2
00:45:30 :: DEBUG :: response ---------- {'color': 'black', 'suspect': True, 'position': 1, 'power': True}
00:45:30 :: DEBUG :: |
|
00:45:30 :: DEBUG :: received question ------ {'question type': 'select position', 'data': [0, 2], 'game state': {'position_carlotta': 4, 'exit': 22, 'num_tour': 1, 'shadow': 2, 'blocked': [4, 5], 'characters': [{'color': 'white', 'suspect': True, 'position': 4, 'power': True}, {'color': 'purple', 'suspect': True, 'position': 7, 'power': True}, {'color': 'pink', 'suspect': True, 'position': 2, 'power': True}, {'color': 'black', 'suspect': True, 'position': 1, 'power': True}, {'color': 'blue', 'suspect': True, 'position': 5, 'power': True}, {'color': 'grey', 'suspect': True, 'position': 0, 'power': True}, {'color': 'brown', 'suspect': True, 'position': 6, 'power': True}, {'color': 'red', 'suspect': True, 'position': 3, 'power': True}], 'active tiles': [{'color': 'blue', 'suspect': True, 'position': 5, 'power': True}, {'color': 'pink', 'suspect': True, 'position': 2, 'power': True}, {'color': 'grey', 'suspect': True, 'position': 0, 'power': True}], 'fantom': 'pink'}}
00:45:30 :: DEBUG :: fantom answers
00:45:30 :: DEBUG :: question type ----- select position
00:45:30 :: DEBUG :: data -------------- [0, 2]
00:45:30 :: DEBUG :: response index ---- 1
00:45:30 :: DEBUG :: response ---------- 2
00:45:30 :: DEBUG :: |
|
00:45:30 :: DEBUG :: received question ------ {'question type': 'activate black power', 'data': [0, 1], 'game state': {'position_carlotta': 4, 'exit': 22, 'num_tour': 1, 'shadow': 2, 'blocked': [4, 5], 'characters': [{'color': 'white', 'suspect': True, 'position': 4, 'power': True}, {'color': 'purple', 'suspect': True, 'position': 7, 'power': True}, {'color': 'pink', 'suspect': True, 'position': 2, 'power': True}, {'color': 'black', 'suspect': True, 'position': 2, 'power': True}, {'color': 'blue', 'suspect': True, 'position': 5, 'power': True}, {'color': 'grey', 'suspect': True, 'position': 0, 'power': True}, {'color': 'brown', 'suspect': True, 'position': 6, 'power': True}, {'color': 'red', 'suspect': True, 'position': 3, 'power': True}], 'active tiles': [{'color': 'blue', 'suspect': True, 'position': 5, 'power': True}, {'color': 'pink', 'suspect': True, 'position': 2, 'power': True}, {'color': 'grey', 'suspect': True, 'position': 0, 'power': True}], 'fantom': 'pink'}}
00:45:30 :: DEBUG :: fantom answers
00:45:30 :: DEBUG :: question type ----- activate black power
00:45:30 :: DEBUG :: data -------------- [0, 1]
00:45:30 :: DEBUG :: response index ---- 0
00:45:30 :: DEBUG :: response ---------- 0
00:45:31 :: DEBUG :: |
|
00:45:31 :: DEBUG :: received question ------ {'question type': 'select character', 'data': [{'color': 'pink', 'suspect': True, 'position': 2, 'power': True}], 'game state': {'position_carlotta': 4, 'exit': 22, 'num_tour': 1, 'shadow': 5, 'blocked': [8, 4], 'characters': [{'color': 'white', 'suspect': True, 'position': 4, 'power': True}, {'color': 'purple', 'suspect': True, 'position': 7, 'power': True}, {'color': 'pink', 'suspect': True, 'position': 2, 'power': True}, {'color': 'black', 'suspect': True, 'position': 2, 'power': True}, {'color': 'blue', 'suspect': True, 'position': 6, 'power': False}, {'color': 'grey', 'suspect': True, 'position': 1, 'power': False}, {'color': 'brown', 'suspect': True, 'position': 6, 'power': True}, {'color': 'red', 'suspect': True, 'position': 3, 'power': True}], 'active tiles': [{'color': 'pink', 'suspect': True, 'position': 2, 'power': True}], 'fantom': 'pink'}}
00:45:31 :: DEBUG :: fantom answers
00:45:31 :: DEBUG :: question type ----- select character
00:45:31 :: DEBUG :: data -------------- [{'color': 'pink', 'suspect': True, 'position': 2, 'power': True}]
00:45:31 :: DEBUG :: response index ---- 0
00:45:31 :: DEBUG :: response ---------- {'color': 'pink', 'suspect': True, 'position': 2, 'power': True}
00:45:31 :: DEBUG :: |
|
00:45:31 :: DEBUG :: received question ------ {'question type': 'select position', 'data': [1, 3, 6], 'game state': {'position_carlotta': 4, 'exit': 22, 'num_tour': 1, 'shadow': 5, 'blocked': [8, 4], 'characters': [{'color': 'white', 'suspect': True, 'position': 4, 'power': True}, {'color': 'purple', 'suspect': True, 'position': 7, 'power': True}, {'color': 'pink', 'suspect': True, 'position': 2, 'power': True}, {'color': 'black', 'suspect': True, 'position': 2, 'power': True}, {'color': 'blue', 'suspect': True, 'position': 6, 'power': False}, {'color': 'grey', 'suspect': True, 'position': 1, 'power': False}, {'color': 'brown', 'suspect': True, 'position': 6, 'power': True}, {'color': 'red', 'suspect': True, 'position': 3, 'power': True}], 'active tiles': [], 'fantom': 'pink'}}
00:45:31 :: DEBUG :: fantom answers
00:45:31 :: DEBUG :: question type ----- select position
00:45:31 :: DEBUG :: data -------------- [1, 3, 6]
00:45:31 :: DEBUG :: response index ---- 2
00:45:31 :: DEBUG :: response ---------- 6
00:45:32 :: DEBUG :: |
|
00:45:32 :: DEBUG :: received question ------ {'question type': 'select character', 'data': [{'color': 'brown', 'suspect': True, 'position': 6, 'power': True}, {'color': 'white', 'suspect': False, 'position': 4, 'power': True}, {'color': 'purple', 'suspect': False, 'position': 7, 'power': True}], 'game state': {'position_carlotta': 7, 'exit': 22, 'num_tour': 2, 'shadow': 5, 'blocked': [8, 4], 'characters': [{'color': 'white', 'suspect': False, 'position': 4, 'power': True}, {'color': 'purple', 'suspect': False, 'position': 7, 'power': True}, {'color': 'pink', 'suspect': True, 'position': 6, 'power': True}, {'color': 'black', 'suspect': False, 'position': 2, 'power': True}, {'color': 'blue', 'suspect': True, 'position': 6, 'power': True}, {'color': 'grey', 'suspect': False, 'position': 1, 'power': True}, {'color': 'brown', 'suspect': True, 'position': 6, 'power': True}, {'color': 'red', 'suspect': False, 'position': 2, 'power': True}], 'active tiles': [{'color': 'brown', 'suspect': True, 'position': 6, 'power': True}, {'color': 'white', 'suspect': False, 'position': 4, 'power': True}, {'color': 'purple', 'suspect': False, 'position': 7, 'power': True}], 'fantom': 'pink'}}
00:45:32 :: DEBUG :: fantom answers
00:45:32 :: DEBUG :: question type ----- select character
00:45:32 :: DEBUG :: data -------------- [{'color': 'brown', 'suspect': True, 'position': 6, 'power': True}, {'color': 'white', 'suspect': False, 'position': 4, 'power': True}, {'color': 'purple', 'suspect': False, 'position': 7, 'power': True}]
00:45:32 :: DEBUG :: response index ---- 1
00:45:32 :: DEBUG :: response ---------- {'color': 'white', 'suspect': False, 'position': 4, 'power': True}
00:45:32 :: DEBUG :: |
|
00:45:32 :: DEBUG :: received question ------ {'question type': 'select position', 'data': [0, 5], 'game state': {'position_carlotta': 7, 'exit': 22, 'num_tour': 2, 'shadow': 5, 'blocked': [8, 4], 'characters': [{'color': 'white', 'suspect': False, 'position': 4, 'power': True}, {'color': 'purple', 'suspect': False, 'position': 7, 'power': True}, {'color': 'pink', 'suspect': True, 'position': 6, 'power': True}, {'color': 'black', 'suspect': False, 'position': 2, 'power': True}, {'color': 'blue', 'suspect': True, 'position': 6, 'power': True}, {'color': 'grey', 'suspect': False, 'position': 1, 'power': True}, {'color': 'brown', 'suspect': True, 'position': 6, 'power': True}, {'color': 'red', 'suspect': False, 'position': 2, 'power': True}], 'active tiles': [{'color': 'brown', 'suspect': True, 'position': 6, 'power': True}, {'color': 'purple', 'suspect': False, 'position': 7, 'power': True}], 'fantom': 'pink'}}
00:45:32 :: DEBUG :: fantom answers
00:45:32 :: DEBUG :: question type ----- select position
00:45:32 :: DEBUG :: data -------------- [0, 5]
00:45:32 :: DEBUG :: response index ---- 1
00:45:32 :: DEBUG :: response ---------- 5
00:45:32 :: DEBUG :: |
|
00:45:32 :: DEBUG :: received question ------ {'question type': 'activate white power', 'data': [0, 1], 'game state': {'position_carlotta': 7, 'exit': 22, 'num_tour': 2, 'shadow': 5, 'blocked': [8, 4], 'characters': [{'color': 'white', 'suspect': False, 'position': 5, 'power': True}, {'color': 'purple', 'suspect': False, 'position': 7, 'power': True}, {'color': 'pink', 'suspect': True, 'position': 6, 'power': True}, {'color': 'black', 'suspect': False, 'position': 2, 'power': True}, {'color': 'blue', 'suspect': True, 'position': 6, 'power': True}, {'color': 'grey', 'suspect': False, 'position': 1, 'power': True}, {'color': 'brown', 'suspect': True, 'position': 6, 'power': True}, {'color': 'red', 'suspect': False, 'position': 2, 'power': True}], 'active tiles': [{'color': 'brown', 'suspect': True, 'position': 6, 'power': True}, {'color': 'purple', 'suspect': False, 'position': 7, 'power': True}], 'fantom': 'pink'}}
00:45:32 :: DEBUG :: fantom answers
00:45:32 :: DEBUG :: question type ----- activate white power
00:45:32 :: DEBUG :: data -------------- [0, 1]
00:45:32 :: DEBUG :: response index ---- 1
00:45:32 :: DEBUG :: response ---------- 1
00:45:32 :: DEBUG :: |
|
00:45:32 :: DEBUG :: received question ------ {'question type': 'select character', 'data': [{'color': 'brown', 'suspect': True, 'position': 6, 'power': True}, {'color': 'purple', 'suspect': False, 'position': 7, 'power': True}], 'game state': {'position_carlotta': 7, 'exit': 22, 'num_tour': 2, 'shadow': 5, 'blocked': [8, 4], 'characters': [{'color': 'white', 'suspect': False, 'position': 5, 'power': False}, {'color': 'purple', 'suspect': False, 'position': 7, 'power': True}, {'color': 'pink', 'suspect': True, 'position': 6, 'power': True}, {'color': 'black', 'suspect': False, 'position': 2, 'power': True}, {'color': 'blue', 'suspect': True, 'position': 6, 'power': True}, {'color': 'grey', 'suspect': False, 'position': 1, 'power': True}, {'color': 'brown', 'suspect': True, 'position': 6, 'power': True}, {'color': 'red', 'suspect': False, 'position': 2, 'power': True}], 'active tiles': [{'color': 'brown', 'suspect': True, 'position': 6, 'power': True}, {'color': 'purple', 'suspect': False, 'position': 7, 'power': True}], 'fantom': 'pink'}}
00:45:32 :: DEBUG :: fantom answers
00:45:32 :: DEBUG :: question type ----- select character
00:45:32 :: DEBUG :: data -------------- [{'color': 'brown', 'suspect': True, 'position': 6, 'power': True}, {'color': 'purple', 'suspect': False, 'position': 7, 'power': True}]
00:45:32 :: DEBUG :: response index ---- 0
00:45:32 :: DEBUG :: response ---------- {'color': 'brown', 'suspect': True, 'position': 6, 'power': True}
00:45:32 :: DEBUG :: |
|
00:45:32 :: DEBUG :: received question ------ {'question type': 'activate brown power', 'data': [0, 1], 'game state': {'position_carlotta': 7, 'exit': 22, 'num_tour': 2, 'shadow': 5, 'blocked': [8, 4], 'characters': [{'color': 'white', 'suspect': False, 'position': 5, 'power': False}, {'color': 'purple', 'suspect': False, 'position': 7, 'power': True}, {'color': 'pink', 'suspect': True, 'position': 6, 'power': True}, {'color': 'black', 'suspect': False, 'position': 2, 'power': True}, {'color': 'blue', 'suspect': True, 'position': 6, 'power': True}, {'color': 'grey', 'suspect': False, 'position': 1, 'power': True}, {'color': 'brown', 'suspect': True, 'position': 6, 'power': True}, {'color': 'red', 'suspect': False, 'position': 2, 'power': True}], 'active tiles': [{'color': 'purple', 'suspect': False, 'position': 7, 'power': True}], 'fantom': 'pink'}}
00:45:32 :: DEBUG :: fantom answers
00:45:32 :: DEBUG :: question type ----- activate brown power
00:45:32 :: DEBUG :: data -------------- [0, 1]
00:45:32 :: DEBUG :: response index ---- 1
00:45:32 :: DEBUG :: response ---------- 1
00:45:32 :: DEBUG :: |
|
00:45:32 :: DEBUG :: received question ------ {'question type': 'select position', 'data': [5, 7], 'game state': {'position_carlotta': 7, 'exit': 22, 'num_tour': 2, 'shadow': 5, 'blocked': [8, 4], 'characters': [{'color': 'white', 'suspect': False, 'position': 5, 'power': False}, {'color': 'purple', 'suspect': False, 'position': 7, 'power': True}, {'color': 'pink', 'suspect': True, 'position': 6, 'power': True}, {'color': 'black', 'suspect': False, 'position': 2, 'power': True}, {'color': 'blue', 'suspect': True, 'position': 6, 'power': True}, {'color': 'grey', 'suspect': False, 'position': 1, 'power': True}, {'color': 'brown', 'suspect': True, 'position': 6, 'power': False}, {'color': 'red', 'suspect': False, 'position': 2, 'power': True}], 'active tiles': [{'color': 'purple', 'suspect': False, 'position': 7, 'power': True}], 'fantom': 'pink'}}
00:45:32 :: DEBUG :: fantom answers
00:45:32 :: DEBUG :: question type ----- select position
00:45:32 :: DEBUG :: data -------------- [5, 7]
00:45:32 :: DEBUG :: response index ---- 0
00:45:32 :: DEBUG :: response ---------- 5
00:45:33 :: DEBUG :: |
|
00:45:33 :: DEBUG :: received question ------ {'question type': 'select character', 'data': [{'color': 'black', 'suspect': False, 'position': 2, 'power': True}, {'color': 'brown', 'suspect': True, 'position': 5, 'power': True}, {'color': 'purple', 'suspect': False, 'position': 2, 'power': True}, {'color': 'blue', 'suspect': True, 'position': 5, 'power': True}], 'game state': {'position_carlotta': 11, 'exit': 22, 'num_tour': 3, 'shadow': 5, 'blocked': [8, 4], 'characters': [{'color': 'white', 'suspect': False, 'position': 5, 'power': True}, {'color': 'purple', 'suspect': False, 'position': 2, 'power': True}, {'color': 'pink', 'suspect': True, 'position': 5, 'power': True}, {'color': 'black', 'suspect': False, 'position': 2, 'power': True}, {'color': 'blue', 'suspect': True, 'position': 5, 'power': True}, {'color': 'grey', 'suspect': False, 'position': 1, 'power': True}, {'color': 'brown', 'suspect': True, 'position': 5, 'power': True}, {'color': 'red', 'suspect': False, 'position': 7, 'power': True}], 'active tiles': [{'color': 'black', 'suspect': False, 'position': 2, 'power': True}, {'color': 'brown', 'suspect': True, 'position': 5, 'power': True}, {'color': 'purple', 'suspect': False, 'position': 2, 'power': True}, {'color': 'blue', 'suspect': True, 'position': 5, 'power': True}], 'fantom': 'pink'}}
00:45:33 :: DEBUG :: fantom answers
00:45:33 :: DEBUG :: question type ----- select character
00:45:33 :: DEBUG :: data -------------- [{'color': 'black', 'suspect': False, 'position': 2, 'power': True}, {'color': 'brown', 'suspect': True, 'position': 5, 'power': True}, {'color': 'purple', 'suspect': False, 'position': 2, 'power': True}, {'color': 'blue', 'suspect': True, 'position': 5, 'power': True}]
00:45:33 :: DEBUG :: response index ---- 0
00:45:33 :: DEBUG :: response ---------- {'color': 'black', 'suspect': False, 'position': 2, 'power': True}
00:45:33 :: DEBUG :: |
|
00:45:33 :: DEBUG :: received question ------ {'question type': 'select position', 'data': [1, 3], 'game state': {'position_carlotta': 11, 'exit': 22, 'num_tour': 3, 'shadow': 5, 'blocked': [8, 4], 'characters': [{'color': 'white', 'suspect': False, 'position': 5, 'power': True}, {'color': 'purple', 'suspect': False, 'position': 2, 'power': True}, {'color': 'pink', 'suspect': True, 'position': 5, 'power': True}, {'color': 'black', 'suspect': False, 'position': 2, 'power': True}, {'color': 'blue', 'suspect': True, 'position': 5, 'power': True}, {'color': 'grey', 'suspect': False, 'position': 1, 'power': True}, {'color': 'brown', 'suspect': True, 'position': 5, 'power': True}, {'color': 'red', 'suspect': False, 'position': 7, 'power': True}], 'active tiles': [{'color': 'brown', 'suspect': True, 'position': 5, 'power': True}, {'color': 'purple', 'suspect': False, 'position': 2, 'power': True}, {'color': 'blue', 'suspect': True, 'position': 5, 'power': True}], 'fantom': 'pink'}}
00:45:33 :: DEBUG :: fantom answers
00:45:33 :: DEBUG :: question type ----- select position
00:45:33 :: DEBUG :: data -------------- [1, 3]
00:45:33 :: DEBUG :: response index ---- 1
00:45:33 :: DEBUG :: response ---------- 3
00:45:33 :: DEBUG :: |
|
00:45:33 :: DEBUG :: received question ------ {'question type': 'activate black power', 'data': [0, 1], 'game state': {'position_carlotta': 11, 'exit': 22, 'num_tour': 3, 'shadow': 5, 'blocked': [8, 4], 'characters': [{'color': 'white', 'suspect': False, 'position': 5, 'power': True}, {'color': 'purple', 'suspect': False, 'position': 2, 'power': True}, {'color': 'pink', 'suspect': True, 'position': 5, 'power': True}, {'color': 'black', 'suspect': False, 'position': 3, 'power': True}, {'color': 'blue', 'suspect': True, 'position': 5, 'power': True}, {'color': 'grey', 'suspect': False, 'position': 1, 'power': True}, {'color': 'brown', 'suspect': True, 'position': 5, 'power': True}, {'color': 'red', 'suspect': False, 'position': 7, 'power': True}], 'active tiles': [{'color': 'brown', 'suspect': True, 'position': 5, 'power': True}, {'color': 'purple', 'suspect': False, 'position': 2, 'power': True}, {'color': 'blue', 'suspect': True, 'position': 5, 'power': True}], 'fantom': 'pink'}}
00:45:33 :: DEBUG :: fantom answers
00:45:33 :: DEBUG :: question type ----- activate black power
00:45:33 :: DEBUG :: data -------------- [0, 1]
00:45:33 :: DEBUG :: response index ---- 1
00:45:33 :: DEBUG :: response ---------- 1
00:45:33 :: DEBUG :: |
|
00:45:33 :: DEBUG :: received question ------ {'question type': 'select character', 'data': [{'color': 'brown', 'suspect': True, 'position': 5, 'power': True}], 'game state': {'position_carlotta': 11, 'exit': 22, 'num_tour': 3, 'shadow': 5, 'blocked': [0, 4], 'characters': [{'color': 'white', 'suspect': False, 'position': 5, 'power': True}, {'color': 'purple', 'suspect': False, 'position': 3, 'power': False}, {'color': 'pink', 'suspect': True, 'position': 5, 'power': True}, {'color': 'black', 'suspect': False, 'position': 3, 'power': False}, {'color': 'blue', 'suspect': True, 'position': 6, 'power': False}, {'color': 'grey', 'suspect': False, 'position': 1, 'power': True}, {'color': 'brown', 'suspect': True, 'position': 5, 'power': True}, {'color': 'red', 'suspect': False, 'position': 3, 'power': True}], 'active tiles': [{'color': 'brown', 'suspect': True, 'position': 5, 'power': True}], 'fantom': 'pink'}}
00:45:33 :: DEBUG :: fantom answers
00:45:33 :: DEBUG :: question type ----- select character
00:45:33 :: DEBUG :: data -------------- [{'color': 'brown', 'suspect': True, 'position': 5, 'power': True}]
00:45:33 :: DEBUG :: response index ---- 0
00:45:33 :: DEBUG :: response ---------- {'color': 'brown', 'suspect': True, 'position': 5, 'power': True}
00:45:33 :: DEBUG :: |
|
00:45:33 :: DEBUG :: received question ------ {'question type': 'activate brown power', 'data': [0, 1], 'game state': {'position_carlotta': 11, 'exit': 22, 'num_tour': 3, 'shadow': 5, 'blocked': [0, 4], 'characters': [{'color': 'white', 'suspect': False, 'position': 5, 'power': True}, {'color': 'purple', 'suspect': False, 'position': 3, 'power': False}, {'color': 'pink', 'suspect': True, 'position': 5, 'power': True}, {'color': 'black', 'suspect': False, 'position': 3, 'power': False}, {'color': 'blue', 'suspect': True, 'position': 6, 'power': False}, {'color': 'grey', 'suspect': False, 'position': 1, 'power': True}, {'color': 'brown', 'suspect': True, 'position': 5, 'power': True}, {'color': 'red', 'suspect': False, 'position': 3, 'power': True}], 'active tiles': [], 'fantom': 'pink'}}
00:45:33 :: DEBUG :: fantom answers
00:45:33 :: DEBUG :: question type ----- activate brown power
00:45:33 :: DEBUG :: data -------------- [0, 1]
00:45:33 :: DEBUG :: response index ---- 0
00:45:33 :: DEBUG :: response ---------- 0
00:45:34 :: DEBUG :: |
|
00:45:34 :: DEBUG :: received question ------ {'question type': 'select position', 'data': [4, 6], 'game state': {'position_carlotta': 11, 'exit': 22, 'num_tour': 3, 'shadow': 5, 'blocked': [0, 4], 'characters': [{'color': 'white', 'suspect': False, 'position': 5, 'power': True}, {'color': 'purple', 'suspect': False, 'position': 3, 'power': False}, {'color': 'pink', 'suspect': True, 'position': 5, 'power': True}, {'color': 'black', 'suspect': False, 'position': 3, 'power': False}, {'color': 'blue', 'suspect': True, 'position': 6, 'power': False}, {'color': 'grey', 'suspect': False, 'position': 1, 'power': True}, {'color': 'brown', 'suspect': True, 'position': 5, 'power': True}, {'color': 'red', 'suspect': False, 'position': 3, 'power': True}], 'active tiles': [], 'fantom': 'pink'}}
00:45:34 :: DEBUG :: fantom answers
00:45:34 :: DEBUG :: question type ----- select position
00:45:34 :: DEBUG :: data -------------- [4, 6]
00:45:34 :: DEBUG :: response index ---- 1
00:45:34 :: DEBUG :: response ---------- 6
